<?xml version="1.0" encoding="UTF-8"?>
<!-- Generated by org.testng.reporters.JUnitXMLReporter -->
<testsuite ignored="0" hostname="DESKTOP-2NR43QH" failures="0" tests="3" name="Default test" time="30.974" errors="0" timestamp="2024-05-16T13:21:08 WAT">
  <testcase classname="kay.MavenTestWithDifferentBrowser.SanityTest" name="NegativePasswordTest" time="2.794"/>
  <testcase classname="kay.MavenTestWithDifferentBrowser.SanityTest" name="NegativeUsernameTest" time="2.651"/>
  <testcase classname="kay.MavenTestWithDifferentBrowser.SanityTest" name="PositiveloginTest" time="7.962"/>
</testsuite> <!-- Default test -->
