<?xml version="1.0" encoding="UTF-8"?>
<!-- Generated by org.testng.reporters.JUnitXMLReporter -->
<testsuite ignored="0" hostname="DESKTOP-2NR43QH" failures="0" tests="3" name="TestOnChrome" time="52.843" errors="0" timestamp="2024-05-16T16:00:03 WAT">
  <testcase classname="kay.MavenTestWithDifferentBrowser.SanityTest" name="NegativePasswordTest" time="24.445"/>
  <testcase classname="kay.MavenTestWithDifferentBrowser.SanityTest" name="NegativeUsernameTest" time="2.699"/>
  <testcase classname="kay.MavenTestWithDifferentBrowser.SanityTest" name="PositiveloginTest" time="19.431"/>
</testsuite> <!-- TestOnChrome -->
