<?xml version="1.0" encoding="UTF-8"?>
<!-- Generated by org.testng.reporters.JUnitXMLReporter -->
<testsuite ignored="0" hostname="DESKTOP-2NR43QH" failures="0" tests="3" name="TestOnFirefox" time="35.963" errors="0" timestamp="2024-05-16T15:59:46 WAT">
  <testcase classname="kay.MavenTestWithDifferentBrowser.SanityTest" name="NegativePasswordTest" time="2.735"/>
  <testcase classname="kay.MavenTestWithDifferentBrowser.SanityTest" name="NegativeUsernameTest" time="2.35"/>
  <testcase classname="kay.MavenTestWithDifferentBrowser.SanityTest" name="PositiveloginTest" time="7.216"/>
</testsuite> <!-- TestOnFirefox -->
