<?xml version="1.0" encoding="UTF-8"?>
<testng-results ignored="0" total="9" passed="9" failed="0" skipped="0">
  <reporter-output>
  </reporter-output>
  <suite started-at="2024-05-16T15:59:10 WAT" name="Suite" finished-at="2024-05-16T16:00:03 WAT" duration-ms="52846">
    <groups>
    </groups>
    <test started-at="2024-05-16T15:59:10 WAT" name="TestOnFirefox" finished-at="2024-05-16T15:59:46 WAT" duration-ms="35963">
      <class name="kay.MavenTestWithDifferentBrowser.SanityTest">
        <test-method is-config="true" signature="setup(java.lang.String)[pri:0, instance:kay.MavenTestWithDifferentBrowser.SanityTest@41e68d87]" started-at="2024-05-16T15:59:10 WAT" name="setup" finished-at="2024-05-16T15:59:30 WAT" duration-ms="20443" status="PASS">
          <params>
            <param index="0">
              <value>
                <![CDATA[firefox]]>
              </value>
            </param>
          </params>
          <reporter-output>
          </reporter-output>
        </test-method> <!-- setup -->
        <test-method signature="NegativePasswordTest()[pri:0, instance:kay.MavenTestWithDifferentBrowser.SanityTest@41e68d87]" started-at="2024-05-16T15:59:30 WAT" name="NegativePasswordTest" finished-at="2024-05-16T15:59:33 WAT" duration-ms="2735" status="PASS">
          <reporter-output>
          </reporter-output>
        </test-method> <!-- NegativePasswordTest -->
        <test-method signature="NegativeUsernameTest()[pri:0, instance:kay.MavenTestWithDifferentBrowser.SanityTest@41e68d87]" started-at="2024-05-16T15:59:33 WAT" name="NegativeUsernameTest" finished-at="2024-05-16T15:59:36 WAT" duration-ms="2350" status="PASS">
          <reporter-output>
          </reporter-output>
        </test-method> <!-- NegativeUsernameTest -->
        <test-method signature="PositiveloginTest()[pri:0, instance:kay.MavenTestWithDifferentBrowser.SanityTest@41e68d87]" started-at="2024-05-16T15:59:36 WAT" name="PositiveloginTest" finished-at="2024-05-16T15:59:43 WAT" duration-ms="7216" status="PASS">
          <reporter-output>
          </reporter-output>
        </test-method> <!-- PositiveloginTest -->
        <test-method is-config="true" signature="close()[pri:0, instance:kay.MavenTestWithDifferentBrowser.SanityTest@41e68d87]" started-at="2024-05-16T15:59:43 WAT" name="close" finished-at="2024-05-16T15:59:46 WAT" duration-ms="3192" status="PASS">
          <reporter-output>
          </reporter-output>
        </test-method> <!-- close -->
      </class> <!-- kay.MavenTestWithDifferentBrowser.SanityTest -->
    </test> <!-- TestOnFirefox -->
    <test started-at="2024-05-16T15:59:10 WAT" name="TestOnEdge" finished-at="2024-05-16T15:59:55 WAT" duration-ms="45232">
      <class name="kay.MavenTestWithDifferentBrowser.SanityTest">
        <test-method is-config="true" signature="setup(java.lang.String)[pri:0, instance:kay.MavenTestWithDifferentBrowser.SanityTest@76a2ddf3]" started-at="2024-05-16T15:59:10 WAT" name="setup" finished-at="2024-05-16T15:59:41 WAT" duration-ms="31167" status="PASS">
          <params>
            <param index="0">
              <value>
                <![CDATA[edge]]>
              </value>
            </param>
          </params>
          <reporter-output>
          </reporter-output>
        </test-method> <!-- setup -->
        <test-method signature="NegativePasswordTest()[pri:0, instance:kay.MavenTestWithDifferentBrowser.SanityTest@76a2ddf3]" started-at="2024-05-16T15:59:41 WAT" name="NegativePasswordTest" finished-at="2024-05-16T15:59:44 WAT" duration-ms="2682" status="PASS">
          <reporter-output>
          </reporter-output>
        </test-method> <!-- NegativePasswordTest -->
        <test-method signature="NegativeUsernameTest()[pri:0, instance:kay.MavenTestWithDifferentBrowser.SanityTest@76a2ddf3]" started-at="2024-05-16T15:59:44 WAT" name="NegativeUsernameTest" finished-at="2024-05-16T15:59:46 WAT" duration-ms="2465" status="PASS">
          <reporter-output>
          </reporter-output>
        </test-method> <!-- NegativeUsernameTest -->
        <test-method signature="PositiveloginTest()[pri:0, instance:kay.MavenTestWithDifferentBrowser.SanityTest@76a2ddf3]" started-at="2024-05-16T15:59:46 WAT" name="PositiveloginTest" finished-at="2024-05-16T15:59:55 WAT" duration-ms="8478" status="PASS">
          <reporter-output>
          </reporter-output>
        </test-method> <!-- PositiveloginTest -->
        <test-method is-config="true" signature="close()[pri:0, instance:kay.MavenTestWithDifferentBrowser.SanityTest@76a2ddf3]" started-at="2024-05-16T15:59:55 WAT" name="close" finished-at="2024-05-16T15:59:55 WAT" duration-ms="416" status="PASS">
          <reporter-output>
          </reporter-output>
        </test-method> <!-- close -->
      </class> <!-- kay.MavenTestWithDifferentBrowser.SanityTest -->
    </test> <!-- TestOnEdge -->
    <test started-at="2024-05-16T15:59:10 WAT" name="TestOnChrome" finished-at="2024-05-16T16:00:03 WAT" duration-ms="52843">
      <class name="kay.MavenTestWithDifferentBrowser.SanityTest">
        <test-method is-config="true" signature="setup(java.lang.String)[pri:0, instance:kay.MavenTestWithDifferentBrowser.SanityTest@4716be8b]" started-at="2024-05-16T15:59:10 WAT" name="setup" finished-at="2024-05-16T15:59:15 WAT" duration-ms="5461" status="PASS">
          <params>
            <param index="0">
              <value>
                <![CDATA[chrome]]>
              </value>
            </param>
          </params>
          <reporter-output>
          </reporter-output>
        </test-method> <!-- setup -->
        <test-method signature="NegativePasswordTest()[pri:0, instance:kay.MavenTestWithDifferentBrowser.SanityTest@4716be8b]" started-at="2024-05-16T15:59:15 WAT" name="NegativePasswordTest" finished-at="2024-05-16T15:59:40 WAT" duration-ms="24445" status="PASS">
          <reporter-output>
          </reporter-output>
        </test-method> <!-- NegativePasswordTest -->
        <test-method signature="NegativeUsernameTest()[pri:0, instance:kay.MavenTestWithDifferentBrowser.SanityTest@4716be8b]" started-at="2024-05-16T15:59:40 WAT" name="NegativeUsernameTest" finished-at="2024-05-16T15:59:43 WAT" duration-ms="2699" status="PASS">
          <reporter-output>
          </reporter-output>
        </test-method> <!-- NegativeUsernameTest -->
        <test-method signature="PositiveloginTest()[pri:0, instance:kay.MavenTestWithDifferentBrowser.SanityTest@4716be8b]" started-at="2024-05-16T15:59:43 WAT" name="PositiveloginTest" finished-at="2024-05-16T16:00:02 WAT" duration-ms="19431" status="PASS">
          <reporter-output>
          </reporter-output>
        </test-method> <!-- PositiveloginTest -->
        <test-method is-config="true" signature="close()[pri:0, instance:kay.MavenTestWithDifferentBrowser.SanityTest@4716be8b]" started-at="2024-05-16T16:00:02 WAT" name="close" finished-at="2024-05-16T16:00:03 WAT" duration-ms="754" status="PASS">
          <reporter-output>
          </reporter-output>
        </test-method> <!-- close -->
      </class> <!-- kay.MavenTestWithDifferentBrowser.SanityTest -->
    </test> <!-- TestOnChrome -->
  </suite> <!-- Suite -->
</testng-results>
